[31m[1mWARNING: This is a development server. Do not use it in a production deployment. Use a production WSGI server instead.[0m
 * Running on http://127.0.0.1:5000
[33mPress CTRL+C to quit[0m
[31m[1mWARNING: This is a development server. Do not use it in a production deployment. Use a production WSGI server instead.[0m
 * Running on http://127.0.0.1:5000
[33mPress CTRL+C to quit[0m
Traceback (most recent call last):
  File "/CryptoTrader/src/Trader/manage.py", line 1, in <module>
    from flask.cli import FlaskGroup
ModuleNotFoundError: No module named 'flask'
Traceback (most recent call last):
  File "/CryptoTrader/src/Trader/manage.py", line 1, in <module>
    from flask.cli import FlaskGroup
ModuleNotFoundError: No module named 'flask'
Traceback (most recent call last):
  File "/CryptoTrader/src/Trader/manage.py", line 1, in <module>
    from flask.cli import FlaskGroup
ModuleNotFoundError: No module named 'flask'
Traceback (most recent call last):
  File "/CryptoTrader/src/Trader/manage.py", line 1, in <module>
    from flask.cli import FlaskGroup
ModuleNotFoundError: No module named 'flask'
Traceback (most recent call last):
  File "/CryptoTrader/src/Trader/manage.py", line 1, in <module>
    from flask.cli import FlaskGroup
ModuleNotFoundError: No module named 'flask'
Traceback (most recent call last):
  File "/CryptoTrader/src/Trader/manage.py", line 1, in <module>
    from flask.cli import FlaskGroup
ModuleNotFoundError: No module named 'flask'
Traceback (most recent call last):
  File "/CryptoTrader/src/Trader/manage.py", line 1, in <module>
    from flask.cli import FlaskGroup
ModuleNotFoundError: No module named 'flask'
Traceback (most recent call last):
  File "/CryptoTrader/src/Trader/manage.py", line 1, in <module>
    from flask.cli import FlaskGroup
ModuleNotFoundError: No module named 'flask'
Traceback (most recent call last):
  File "/CryptoTrader/src/Trader/manage.py", line 1, in <module>
    from flask.cli import FlaskGroup
ModuleNotFoundError: No module named 'flask'
Traceback (most recent call last):
  File "/CryptoTrader/src/Trader/manage.py", line 1, in <module>
    from flask.cli import FlaskGroup
ModuleNotFoundError: No module named 'flask'
Traceback (most recent call last):
  File "/CryptoTrader/src/Trader/manage.py", line 1, in <module>
    from flask.cli import FlaskGroup
ModuleNotFoundError: No module named 'flask'
Traceback (most recent call last):
  File "/CryptoTrader/src/Trader/manage.py", line 1, in <module>
    from flask.cli import FlaskGroup
ModuleNotFoundError: No module named 'flask'
Traceback (most recent call last):
  File "/CryptoTrader/src/Trader/manage.py", line 1, in <module>
    from flask.cli import FlaskGroup
ModuleNotFoundError: No module named 'flask'
Traceback (most recent call last):
  File "/CryptoTrader/src/Trader/manage.py", line 1, in <module>
    from flask.cli import FlaskGroup
ModuleNotFoundError: No module named 'flask'
Traceback (most recent call last):
  File "/CryptoTrader/src/Trader/manage.py", line 1, in <module>
    from flask.cli import FlaskGroup
ModuleNotFoundError: No module named 'flask'
Traceback (most recent call last):
  File "/CryptoTrader/src/Trader/manage.py", line 1, in <module>
    from flask.cli import FlaskGroup
ModuleNotFoundError: No module named 'flask'
Traceback (most recent call last):
  File "/CryptoTrader/src/Trader/manage.py", line 1, in <module>
    from flask.cli import FlaskGroup
ModuleNotFoundError: No module named 'flask'
Traceback (most recent call last):
  File "/CryptoTrader/src/Trader/manage.py", line 1, in <module>
    from flask.cli import FlaskGroup
ModuleNotFoundError: No module named 'flask'
Traceback (most recent call last):
  File "/CryptoTrader/src/Trader/manage.py", line 1, in <module>
    from flask.cli import FlaskGroup
ModuleNotFoundError: No module named 'flask'
Traceback (most recent call last):
  File "/CryptoTrader/src/Trader/manage.py", line 1, in <module>
    from flask.cli import FlaskGroup
ModuleNotFoundError: No module named 'flask'
Traceback (most recent call last):
  File "/CryptoTrader/src/Trader/manage.py", line 1, in <module>
    from flask.cli import FlaskGroup
ModuleNotFoundError: No module named 'flask'
Traceback (most recent call last):
  File "/CryptoTrader/src/Trader/manage.py", line 1, in <module>
    from flask.cli import FlaskGroup
ModuleNotFoundError: No module named 'flask'
Traceback (most recent call last):
  File "/CryptoTrader/src/Trader/manage.py", line 1, in <module>
    from flask.cli import FlaskGroup
ModuleNotFoundError: No module named 'flask'
Traceback (most recent call last):
  File "/CryptoTrader/src/Trader/manage.py", line 1, in <module>
    from flask.cli import FlaskGroup
ModuleNotFoundError: No module named 'flask'
Traceback (most recent call last):
  File "/CryptoTrader/src/Trader/manage.py", line 1, in <module>
    from flask.cli import FlaskGroup
ModuleNotFoundError: No module named 'flask'
Traceback (most recent call last):
  File "/CryptoTrader/src/Trader/manage.py", line 1, in <module>
    from flask.cli import FlaskGroup
ModuleNotFoundError: No module named 'flask'
Traceback (most recent call last):
  File "/CryptoTrader/src/Trader/manage.py", line 1, in <module>
    from flask.cli import FlaskGroup
ModuleNotFoundError: No module named 'flask'
Traceback (most recent call last):
  File "/CryptoTrader/src/Trader/manage.py", line 1, in <module>
    from flask.cli import FlaskGroup
ModuleNotFoundError: No module named 'flask'
Traceback (most recent call last):
  File "/CryptoTrader/src/Trader/manage.py", line 1, in <module>
    from flask.cli import FlaskGroup
ModuleNotFoundError: No module named 'flask'
Traceback (most recent call last):
  File "/CryptoTrader/src/Trader/manage.py", line 1, in <module>
    from flask.cli import FlaskGroup
ModuleNotFoundError: No module named 'flask'
Traceback (most recent call last):
  File "/CryptoTrader/src/Trader/manage.py", line 1, in <module>
    from flask.cli import FlaskGroup
ModuleNotFoundError: No module named 'flask'
Traceback (most recent call last):
  File "/CryptoTrader/src/Trader/manage.py", line 1, in <module>
    from flask.cli import FlaskGroup
ModuleNotFoundError: No module named 'flask'
[31m[1mWARNING: This is a development server. Do not use it in a production deployment. Use a production WSGI server instead.[0m
 * Running on http://127.0.0.1:5000
[33mPress CTRL+C to quit[0m
Traceback (most recent call last):
  File "/CryptoTrader/src/Trader/manage.py", line 1, in <module>
    from flask.cli import FlaskGroup
ModuleNotFoundError: No module named 'flask'
Traceback (most recent call last):
  File "/CryptoTrader/src/Trader/manage.py", line 1, in <module>
Traceback (most recent call last):
  File "/CryptoTrader/src/Trader/manage.py", line 1, in <module>
    from flask.cli import FlaskGroup
ModuleNotFoundError: No module named 'flask'
Traceback (most recent call last):
  File "/CryptoTrader/src/Trader/manage.py", line 1, in <module>
    from flask.cli import FlaskGroup
ModuleNotFoundError: No module named 'flask'
Traceback (most recent call last):
  File "/CryptoTrader/src/Trader/manage.py", line 1, in <module>
    from flask.cli import FlaskGroup
ModuleNotFoundError: No module named 'flask'
Traceback (most recent call last):
  File "/CryptoTrader/src/Trader/manage.py", line 1, in <module>
    from flask.cli import FlaskGroup
ModuleNotFoundError: No module named 'flask'
Traceback (most recent call last):
  File "/CryptoTrader/src/Trader/manage.py", line 1, in <module>
    from flask.cli import FlaskGroup
ModuleNotFoundError: No module named 'flask'
Traceback (most recent call last):
  File "/CryptoTrader/src/Trader/manage.py", line 1, in <module>
    from flask.cli import FlaskGroup
ModuleNotFoundError: No module named 'flask'
Traceback (most recent call last):
  File "/CryptoTrader/src/Trader/manage.py", line 1, in <module>
    from flask.cli import FlaskGroup
ModuleNotFoundError: No module named 'flask'
Traceback (most recent call last):
  File "/CryptoTrader/src/Trader/manage.py", line 1, in <module>
    from flask.cli import FlaskGroup
ModuleNotFoundError: No module named 'flask'
Traceback (most recent call last):
  File "/CryptoTrader/src/Trader/manage.py", line 1, in <module>
    from flask.cli import FlaskGroup
ModuleNotFoundError: No module named 'flask'
Traceback (most recent call last):
  File "/CryptoTrader/src/Trader/manage.py", line 1, in <module>
    from flask.cli import FlaskGroup
ModuleNotFoundError: No module named 'flask'
Traceback (most recent call last):
  File "/CryptoTrader/src/Trader/manage.py", line 1, in <module>
    from flask.cli import FlaskGroup
ModuleNotFoundError: No module named 'flask'
Traceback (most recent call last):
  File "/CryptoTrader/src/Trader/manage.py", line 1, in <module>
    from flask.cli import FlaskGroup
ModuleNotFoundError: No module named 'flask'
Traceback (most recent call last):
  File "/CryptoTrader/src/Trader/manage.py", line 1, in <module>
    from flask.cli import FlaskGroup
ModuleNotFoundError: No module named 'flask'
Traceback (most recent call last):
  File "/CryptoTrader/src/Trader/manage.py", line 1, in <module>
    from flask.cli import FlaskGroup
ModuleNotFoundError: No module named 'flask'
[31m[1mWARNING: This is a development server. Do not use it in a production deployment. Use a production WSGI server instead.[0m
 * Running on http://127.0.0.1:5000
[33mPress CTRL+C to quit[0m
Traceback (most recent call last):
  File "/CryptoTrader/src/Trader/manage.py", line 1, in <module>
    from flask.cli import FlaskGroup
ModuleNotFoundError: No module named 'flask'
Traceback (most recent call last):
  File "/CryptoTrader/src/Trader/manage.py", line 1, in <module>
    from flask.cli import FlaskGroup
ModuleNotFoundError: No module named 'flask'
Traceback (most recent call last):
  File "/CryptoTrader/src/Trader/manage.py", line 1, in <module>
    from flask.cli import FlaskGroup
ModuleNotFoundError: No module named 'flask'
Traceback (most recent call last):
  File "/CryptoTrader/src/Trader/manage.py", line 1, in <module>
    from flask.cli import FlaskGroup
ModuleNotFoundError: No module named 'flask'
Traceback (most recent call last):
  File "/CryptoTrader/src/Trader/manage.py", line 1, in <module>
    from flask.cli import FlaskGroup
ModuleNotFoundError: No module named 'flask'
Traceback (most recent call last):
  File "/CryptoTrader/src/Trader/manage.py", line 1, in <module>
    from flask.cli import FlaskGroup
ModuleNotFoundError: No module named 'flask'
Traceback (most recent call last):
  File "/CryptoTrader/src/Trader/manage.py", line 1, in <module>
    from flask.cli import FlaskGroup
ModuleNotFoundError: No module named 'flask'
Traceback (most recent call last):
  File "/CryptoTrader/src/Trader/manage.py", line 1, in <module>
    from flask.cli import FlaskGroup
ModuleNotFoundError: No module named 'flask'
Traceback (most recent call last):
  File "/CryptoTrader/src/Trader/manage.py", line 1, in <module>
    from flask.cli import FlaskGroup
ModuleNotFoundError: No module named 'flask'
Traceback (most recent call last):
  File "/CryptoTrader/src/Trader/manage.py", line 1, in <module>
    from flask.cli import FlaskGroup
ModuleNotFoundError: No module named 'flask'
Traceback (most recent call last):
  File "/CryptoTrader/src/Trader/manage.py", line 1, in <module>
    from flask.cli import FlaskGroup
ModuleNotFoundError: No module named 'flask'
Traceback (most recent call last):
  File "/CryptoTrader/src/Trader/manage.py", line 1, in <module>
    from flask.cli import FlaskGroup
ModuleNotFoundError: No module named 'flask'
Traceback (most recent call last):
  File "/CryptoTrader/src/Trader/manage.py", line 1, in <module>
    from flask.cli import FlaskGroup
ModuleNotFoundError: No module named 'flask'
Traceback (most recent call last):
  File "/CryptoTrader/src/Trader/manage.py", line 1, in <module>
    from flask.cli import FlaskGroup
ModuleNotFoundError: No module named 'flask'
Traceback (most recent call last):
  File "/CryptoTrader/src/Trader/manage.py", line 1, in <module>
    from flask.cli import FlaskGroup
ModuleNotFoundError: No module named 'flask'
Traceback (most recent call last):
  File "/CryptoTrader/src/Trader/manage.py", line 1, in <module>
    from flask.cli import FlaskGroup
ModuleNotFoundError: No module named 'flask'
[31m[1mWARNING: This is a development server. Do not use it in a production deployment. Use a production WSGI server instead.[0m
 * Running on http://127.0.0.1:5000
[33mPress CTRL+C to quit[0m
[31m[1mWARNING: This is a development server. Do not use it in a production deployment. Use a production WSGI server instead.[0m
 * Running on http://127.0.0.1:5000
[33mPress CTRL+C to quit[0m
[31m[1mWARNING: This is a development server. Do not use it in a production deployment. Use a production WSGI server instead.[0m
 * Running on http://127.0.0.1:5000
[33mPress CTRL+C to quit[0m
[31m[1mWARNING: This is a development server. Do not use it in a production deployment. Use a production WSGI server instead.[0m
 * Running on http://127.0.0.1:5000
[33mPress CTRL+C to quit[0m
[31m[1mWARNING: This is a development server. Do not use it in a production deployment. Use a production WSGI server instead.[0m
 * Running on http://127.0.0.1:5000
[33mPress CTRL+C to quit[0m
